<?xml version="1.0" encoding="UTF-8"?>
<!-- Generated by org.testng.reporters.JUnitReportReporter -->
<testsuite hostname="Sasi" failures="0" tests="2" name="TestNG.TestNG_Annotation" time="15.181" errors="0" timestamp="2023-07-28T20:28:00 IST" skipped="0">
  <testcase classname="TestNG.TestNG_Annotation" name="login" time="12.037"/>
  <system-out/>
  <testcase classname="TestNG.TestNG_Annotation" name="forgetPasswordClick" time="3.144"/>
  <system-out/>
</testsuite> <!-- TestNG.TestNG_Annotation -->
