<?xml version="1.0" encoding="UTF-8"?>
<!-- Generated by org.testng.reporters.JUnitReportReporter -->
<testsuite hostname="Sasi" failures="0" tests="2" name="TestNG_Parallel.Amazon_Compatibility" time="11.515" errors="0" timestamp="2023-07-29T19:33:57 IST" skipped="0">
  <testcase classname="TestNG_Parallel.Amazon_Compatibility" name="openBrowser" time="7.582"/>
  <system-out/>
  <testcase classname="TestNG_Parallel.Amazon_Compatibility" name="openBrowser" time="3.933"/>
  <system-out/>
</testsuite> <!-- TestNG_Parallel.Amazon_Compatibility -->
