<?xml version="1.0" encoding="UTF-8"?>
<!-- Generated by org.testng.reporters.JUnitReportReporter -->
<testsuite hostname="Sasi" failures="0" tests="1" name="TestNG.Assertions" time="32.553" errors="0" timestamp="2023-07-31T07:20:07 IST" skipped="0">
  <testcase classname="TestNG.Assertions" name="Login" time="32.553"/>
  <system-out/>
</testsuite> <!-- TestNG.Assertions -->
