<?xml version="1.0" encoding="UTF-8"?>
<!-- Generated by org.testng.reporters.JUnitReportReporter -->
<testsuite hostname="Sasi" failures="0" tests="1" name="TestNG_Failling.Amazon" time="3.416" errors="0" timestamp="2023-07-29T20:27:42 IST" skipped="0">
  <testcase classname="TestNG_Failling.Amazon" name="amazon" time="3.416"/>
  <system-out/>
</testsuite> <!-- TestNG_Failling.Amazon -->
