<?xml version="1.0" encoding="UTF-8"?>
<!-- Generated by org.testng.reporters.JUnitReportReporter -->
<testsuite hostname="Sasi" failures="0" tests="1" name="TestNG_Parallel.Amazon" time="4.801" errors="0" timestamp="2023-07-29T19:18:26 IST" skipped="0">
  <testcase classname="TestNG_Parallel.Amazon" name="amazon" time="4.801"/>
  <system-out/>
</testsuite> <!-- TestNG_Parallel.Amazon -->
