<?xml version="1.0" encoding="UTF-8"?>
<!-- Generated by org.testng.reporters.JUnitReportReporter -->
<testsuite hostname="Sasi" failures="0" tests="3" name="TestNG.DataProvider" time="8.362" errors="0" timestamp="2023-07-29T20:01:03 IST" skipped="0">
  <testcase classname="TestNG.DataProvider" name="demo" time="3.219"/>
  <system-out/>
  <testcase classname="TestNG.DataProvider" name="demo" time="2.610"/>
  <system-out/>
  <testcase classname="TestNG.DataProvider" name="demo" time="2.533"/>
  <system-out/>
</testsuite> <!-- TestNG.DataProvider -->
