<?xml version="1.0" encoding="UTF-8"?>
<!-- Generated by org.testng.reporters.JUnitReportReporter -->
<testsuite hostname="Sasi" failures="0" tests="1" name="TestNG.Failed_TestCase" time="90.494" errors="0" timestamp="2023-07-29T19:02:22 IST" skipped="0">
  <testcase classname="TestNG.Failed_TestCase" name="demo" time="90.494"/>
  <system-out/>
</testsuite> <!-- TestNG.Failed_TestCase -->
