<?xml version="1.0" encoding="UTF-8"?>
<!-- Generated by org.testng.reporters.JUnitReportReporter -->
<testsuite hostname="Sasi" failures="0" tests="1" name="TestNG_Failling.Facebook" time="6.109" errors="0" timestamp="2023-07-29T20:29:14 IST" skipped="0">
  <testcase classname="TestNG_Failling.Facebook" name="demo" time="6.109"/>
  <system-out/>
</testsuite> <!-- TestNG_Failling.Facebook -->
