<?xml version="1.0" encoding="UTF-8"?>
<!-- Generated by org.testng.reporters.JUnitReportReporter -->
<testsuite hostname="Sasi" failures="0" tests="2" name="TestNG.Invocation" time="0.007" errors="0" timestamp="2023-07-28T20:37:26 IST" skipped="0">
  <testcase classname="TestNG.Invocation" name="test2" time="0.001"/>
  <system-out/>
  <testcase classname="TestNG.Invocation" name="test1" time="0.006"/>
  <system-out/>
</testsuite> <!-- TestNG.Invocation -->
