<?xml version="1.0" encoding="UTF-8"?>
<!-- Generated by org.testng.reporters.JUnitReportReporter -->
<testsuite hostname="Sasi" failures="0" tests="1" name="TestNG_Parallel.Facebook" time="3.671" errors="0" timestamp="2023-07-29T19:18:26 IST" skipped="0">
  <testcase classname="TestNG_Parallel.Facebook" name="fb" time="3.671"/>
  <system-out/>
</testsuite> <!-- TestNG_Parallel.Facebook -->
