<?xml version="1.0" encoding="UTF-8"?>
<!-- Generated by org.testng.reporters.JUnitReportReporter -->
<testsuite hostname="Sasi" failures="0" tests="1" name="TestNG_Group.Invocation_1" time="0.001" errors="0" timestamp="2023-07-29T20:59:48 IST" skipped="0">
  <testcase classname="TestNG_Group.Invocation_1" name="test1" time="0.001"/>
  <system-out/>
</testsuite> <!-- TestNG_Group.Invocation_1 -->
