<?xml version="1.0" encoding="UTF-8"?>
<!-- Generated by org.testng.reporters.JUnitReportReporter -->
<testsuite hostname="Sasi" failures="0" tests="4" name="TestNG.Priority" time="0.002" errors="0" timestamp="2023-07-28T20:37:26 IST" skipped="1">
  <testcase classname="TestNG.Priority" name="test1" time="0.001"/>
  <system-out/>
  <testcase classname="TestNG.Priority" name="test1" time="0.001"/>
  <system-out/>
  <testcase classname="TestNG.Priority" name="test2" time="0.000"/>
  <system-out/>
  <testcase classname="TestNG.Priority" name="test3">
    <skipped/>
  </testcase> <!-- test3 -->
  <system-out/>
</testsuite> <!-- TestNG.Priority -->
