<?xml version="1.0" encoding="UTF-8"?>
<!-- Generated by org.testng.reporters.JUnitReportReporter -->
<testsuite hostname="Sasi" failures="0" tests="1" name="TestNG_Group.Invocation" time="0.010" errors="0" timestamp="2023-07-29T20:59:48 IST" skipped="0">
  <testcase classname="TestNG_Group.Invocation" name="test2" time="0.010"/>
  <system-out/>
</testsuite> <!-- TestNG_Group.Invocation -->
